This is pdfTeX, Version 3.14159265-2.6-1.40.15 (TeX Live 2014) (preloaded format=pdflatex 2015.3.28)  5 MAY 2015 20:43
entering extended mode
 restricted \write18 enabled.
 file:line:error style messages enabled.
 %&-line parsing enabled.
**TP1-1c2015.tex
(./TP1-1c2015.tex
LaTeX2e <2014/05/01>
Babel <3.9k> and hyphenation patterns for 78 languages loaded.
(/usr/local/texlive/2014/texmf-dist/tex/latex/base/article.cls
Document Class: article 2007/10/19 v1.4h Standard LaTeX document class
(/usr/local/texlive/2014/texmf-dist/tex/latex/base/size10.clo
File: size10.clo 2007/10/19 v1.4h Standard LaTeX file (size option)
)
\c@part=\count79
\c@section=\count80
\c@subsection=\count81
\c@subsubsection=\count82
\c@paragraph=\count83
\c@subparagraph=\count84
\c@figure=\count85
\c@table=\count86
\abovecaptionskip=\skip41
\belowcaptionskip=\skip42
\bibindent=\dimen102
)
(/usr/local/texlive/2014/texmf-dist/tex/latex/geometry/geometry.sty
Package: geometry 2010/09/12 v5.6 Page Geometry

(/usr/local/texlive/2014/texmf-dist/tex/latex/graphics/keyval.sty
Package: keyval 2014/05/08 v1.15 key=value parser (DPC)
\KV@toks@=\toks14
)
(/usr/local/texlive/2014/texmf-dist/tex/generic/oberdiek/ifpdf.sty
Package: ifpdf 2011/01/30 v2.3 Provides the ifpdf switch (HO)
Package ifpdf Info: pdfTeX in PDF mode is detected.
)
(/usr/local/texlive/2014/texmf-dist/tex/generic/oberdiek/ifvtex.sty
Package: ifvtex 2010/03/01 v1.5 Detect VTeX and its facilities (HO)
Package ifvtex Info: VTeX not detected.
)
(/usr/local/texlive/2014/texmf-dist/tex/generic/ifxetex/ifxetex.sty
Package: ifxetex 2010/09/12 v0.6 Provides ifxetex conditional
)
\Gm@cnth=\count87
\Gm@cntv=\count88
\c@Gm@tempcnt=\count89
\Gm@bindingoffset=\dimen103
\Gm@wd@mp=\dimen104
\Gm@odd@mp=\dimen105
\Gm@even@mp=\dimen106
\Gm@layoutwidth=\dimen107
\Gm@layoutheight=\dimen108
\Gm@layouthoffset=\dimen109
\Gm@layoutvoffset=\dimen110
\Gm@dimlist=\toks15
)
(/usr/local/texlive/2014/texmf-dist/tex/latex/base/inputenc.sty
Package: inputenc 2014/04/30 v1.2b Input encoding file
\inpenc@prehook=\toks16
\inpenc@posthook=\toks17

(/usr/local/texlive/2014/texmf-dist/tex/latex/base/latin1.def
File: latin1.def 2014/04/30 v1.2b Input encoding file
))
(/usr/local/texlive/2014/texmf-dist/tex/generic/babel/babel.sty
Package: babel 2014/03/24 3.9k The Babel package

(/usr/local/texlive/2014/texmf-dist/tex/generic/babel-spanish/spanish.ldf
Language: spanish.ldf 2014/04/24 v5.0n Spanish support from the babel system

(/usr/local/texlive/2014/texmf-dist/tex/generic/babel/babel.def
File: babel.def 2014/03/24 3.9k Babel common definitions
\babel@savecnt=\count90
\U@D=\dimen111
)
\es@quottoks=\toks18
\es@quotdepth=\count91
Package babel Info: Making " an active character on input line 516.
Package babel Info: Making . an active character on input line 617.
Package babel Info: Making < an active character on input line 662.
Package babel Info: Making > an active character on input line 662.
))
(./aed2-symb.sty
Package: aed2-symb 2004/04/17 - Para componer simbolitos frecuentemente usados 
en AED2

Cargando package 'aed2-symb'
(/usr/local/texlive/2014/texmf-dist/tex/latex/amsmath/amsmath.sty
Package: amsmath 2013/01/14 v2.14 AMS math features
\@mathmargin=\skip43

For additional information on amsmath, use the `?' option.
(/usr/local/texlive/2014/texmf-dist/tex/latex/amsmath/amstext.sty
Package: amstext 2000/06/29 v2.01

(/usr/local/texlive/2014/texmf-dist/tex/latex/amsmath/amsgen.sty
File: amsgen.sty 1999/11/30 v2.0
\@emptytoks=\toks19
\ex@=\dimen112
))
(/usr/local/texlive/2014/texmf-dist/tex/latex/amsmath/amsbsy.sty
Package: amsbsy 1999/11/29 v1.2d
\pmbraise@=\dimen113
)
(/usr/local/texlive/2014/texmf-dist/tex/latex/amsmath/amsopn.sty
Package: amsopn 1999/12/14 v2.01 operator names
)
\inf@bad=\count92
LaTeX Info: Redefining \frac on input line 210.
\uproot@=\count93
\leftroot@=\count94
LaTeX Info: Redefining \overline on input line 306.
\classnum@=\count95
\DOTSCASE@=\count96
LaTeX Info: Redefining \ldots on input line 378.
LaTeX Info: Redefining \dots on input line 381.
LaTeX Info: Redefining \cdots on input line 466.
\Mathstrutbox@=\box26
\strutbox@=\box27
\big@size=\dimen114
LaTeX Font Info:    Redeclaring font encoding OML on input line 566.
LaTeX Font Info:    Redeclaring font encoding OMS on input line 567.
\macc@depth=\count97
\c@MaxMatrixCols=\count98
\dotsspace@=\muskip10
\c@parentequation=\count99
\dspbrk@lvl=\count100
\tag@help=\toks20
\row@=\count101
\column@=\count102
\maxfields@=\count103
\andhelp@=\toks21
\eqnshift@=\dimen115
\alignsep@=\dimen116
\tagshift@=\dimen117
\tagwidth@=\dimen118
\totwidth@=\dimen119
\lineht@=\dimen120
\@envbody=\toks22
\multlinegap=\skip44
\multlinetaggap=\skip45
\mathdisplay@stack=\toks23
LaTeX Info: Redefining \[ on input line 2665.
LaTeX Info: Redefining \] on input line 2666.
)
(/usr/local/texlive/2014/texmf-dist/tex/latex/amsfonts/amssymb.sty
Package: amssymb 2013/01/14 v3.01 AMS font symbols

(/usr/local/texlive/2014/texmf-dist/tex/latex/amsfonts/amsfonts.sty
Package: amsfonts 2013/01/14 v3.01 Basic AMSFonts support
\symAMSa=\mathgroup4
\symAMSb=\mathgroup5
LaTeX Font Info:    Overwriting math alphabet `\mathfrak' in version `bold'
(Font)                  U/euf/m/n --> U/euf/b/n on input line 106.
))
(/usr/local/texlive/2014/texmf-dist/tex/latex/tools/xspace.sty
Package: xspace 2009/10/20 v1.13 Space after command names (DPC,MH)
)
(/usr/local/texlive/2014/texmf-dist/tex/latex/xargs/xargs.sty
Package: xargs 2008/03/22 v1.1  extended macro definitions  (mpg)

(/usr/local/texlive/2014/texmf-dist/tex/latex/xkeyval/xkeyval.sty
Package: xkeyval 2014/05/09 v2.6d package option processing (HA)

(/usr/local/texlive/2014/texmf-dist/tex/generic/xkeyval/xkeyval.tex
\XKV@toks=\toks24
\XKV@tempa@toks=\toks25
\XKV@depth=\count104
File: xkeyval.tex 2014/05/09 v2.6d key=value parser (HA)
))
\xargs@max=\count105
\xargs@toksa=\toks26
\xargs@toksb=\toks27
))
(./aed2-itef.sty
Package: aed2-itef 2010/03/16 - if-then-else-fi en lenguaje de TADs.
 (/usr/local/texlive/2014/texmf-dist/tex/latex/base/ifthen.sty
Package: ifthen 2001/05/26 v1.1c Standard LaTeX ifthen package (DPC)
)
Cargando package 'itef' (2010/03/16)
\itefIndentacion=\skip46
\itef@widthUnaLinea=\skip47
\itef@linewidth=\skip48
) (./aed2-tad.sty
Package: aed2-tad 2011/04/04 - Para especificar TADs en formato AED2
 (/usr/local/texlive/2014/texmf-dist/tex/latex/tools/calc.sty
Package: calc 2007/08/22 v4.3 Infix arithmetic (KKT,FJ)
\calc@Acount=\count106
\calc@Bcount=\count107
\calc@Adimen=\dimen121
\calc@Bdimen=\dimen122
\calc@Askip=\skip49
\calc@Bskip=\skip50
LaTeX Info: Redefining \setlength on input line 75.
LaTeX Info: Redefining \addtolength on input line 76.
\calc@Ccount=\count108
\calc@Cskip=\skip51
) (./aed2-tokenizer.sty
Package: aed2-tokenizer 2010/03/12
)
Package aed2-tad Info: Cargando package 'tad' (04/04/2011) on input line 26.
\tadMargen=\skip52
\tadSubMargen=\skip53
\tadAnchoEncabezados=\skip54
\tadSeparacionTitulos=\skip55
\tadSeparacionFunciones=\skip56
\tadAnchoNombreFunciones=\skip57
\tadAnchoTipoFunciones=\skip58
\tadSeparacionAxiomas=\skip59
\tadAnchoIzquierdaAxioma=\skip60
\tad@oldparindent=\skip61
\pbox@len=\skip62
\tad@ifFitsElse@largo=\skip63
\igualobs@pre=\skip64
\igualobs@max=\skip65
\igualobssimple@max=\skip66
\@Signatura=\box28
\tadOperacion@textwidth=\skip67
\tadAxioma@lenEquiv=\skip68
\tadAxioma@lenDerecha=\skip69
) (./caratula.sty
Package: caratula 2003/4/13 v0.1 Para componer caratulas de TPs del DC

Cargando package 'caratula' v0.2 (21/4/2003)
\intlist=\toks28
) (./TP1-1c2015.aux
LaTeX Info: Redefining \. on input line 6.
LaTeX Info: Redefining \% on input line 6.
)
\openout1 = `TP1-1c2015.aux'.

LaTeX Font Info:    Checking defaults for OML/cmm/m/it on input line 11.
LaTeX Font Info:    ... okay on input line 11.
LaTeX Font Info:    Checking defaults for T1/cmr/m/n on input line 11.
LaTeX Font Info:    ... okay on input line 11.
LaTeX Font Info:    Checking defaults for OT1/cmr/m/n on input line 11.
LaTeX Font Info:    ... okay on input line 11.
LaTeX Font Info:    Checking defaults for OMS/cmsy/m/n on input line 11.
LaTeX Font Info:    ... okay on input line 11.
LaTeX Font Info:    Checking defaults for OMX/cmex/m/n on input line 11.
LaTeX Font Info:    ... okay on input line 11.
LaTeX Font Info:    Checking defaults for U/cmr/m/n on input line 11.
LaTeX Font Info:    ... okay on input line 11.

*geometry* driver: auto-detecting
*geometry* detected driver: pdftex
*geometry* verbose mode - [ preamble ] result:
* driver: pdftex
* paper: a4paper
* layout: <same size as paper>
* layoutoffset:(h,v)=(0.0pt,0.0pt)
* modes: 
* h-part:(L,W,R)=(42.67912pt, 512.14963pt, 42.67912pt)
* v-part:(T,H,B)=(99.58464pt, 702.78308pt, 42.67912pt)
* \paperwidth=597.50787pt
* \paperheight=845.04684pt
* \textwidth=512.14963pt
* \textheight=702.78308pt
* \oddsidemargin=-29.59087pt
* \evensidemargin=-29.59087pt
* \topmargin=-9.68535pt
* \headheight=12.0pt
* \headsep=25.0pt
* \topskip=10.0pt
* \footskip=30.0pt
* \marginparwidth=57.0pt
* \marginparsep=11.0pt
* \columnsep=10.0pt
* \skip\footins=9.0pt plus 4.0pt minus 2.0pt
* \hoffset=0.0pt
* \voffset=0.0pt
* \mag=1000
* \@twocolumnfalse
* \@twosidefalse
* \@mparswitchfalse
* \@reversemarginfalse
* (1in=72.27pt=25.4mm, 1cm=28.453pt)

LaTeX Info: Redefining \. on input line 11.
LaTeX Info: Redefining \% on input line 11.
LaTeX Font Info:    Try loading font information for U+msa on input line 28.
(/usr/local/texlive/2014/texmf-dist/tex/latex/amsfonts/umsa.fd
File: umsa.fd 2013/01/14 v3.01 AMS symbols A
)
LaTeX Font Info:    Try loading font information for U+msb on input line 28.

(/usr/local/texlive/2014/texmf-dist/tex/latex/amsfonts/umsb.fd
File: umsb.fd 2013/01/14 v3.01 AMS symbols B
) [1

{/usr/local/texlive/2014/texmf-var/fonts/map/pdftex/updmap/pdftex.map}] (./TP1-
1c2015.toc
LaTeX Info: Redefining \. on input line 1.
LaTeX Info: Redefining \% on input line 1.


LaTeX Font Warning: Font shape `OT1/cmr/bx/sc' undefined
(Font)              using `OT1/cmr/bx/n' instead on input line 4.

)
\tf@toc=\write3
\openout3 = `TP1-1c2015.toc'.

 [2]
Overfull \hbox (2.72224pt too wide) in paragraph at lines 84--84
[]\OT1/cmr/m/n/10 aConjunto 
 []

LaTeX Font Info:    Try loading font information for OMS+cmr on input line 86.
(/usr/local/texlive/2014/texmf-dist/tex/latex/base/omscmr.fd
File: omscmr.fd 1999/05/25 v2.5h Standard LaTeX font definitions
)
LaTeX Font Info:    Font shape `OMS/cmr/m/n' in size <10> not available
(Font)              Font shape `OMS/cmsy/m/n' tried instead on input line 86.


LaTeX Warning: Command \textless invalid in math mode on input line 86.

LaTeX Font Info:    Try loading font information for OML+cmr on input line 86.
(/usr/local/texlive/2014/texmf-dist/tex/latex/base/omlcmr.fd
File: omlcmr.fd 1999/05/25 v2.5h Standard LaTeX font definitions
)
LaTeX Font Info:    Font shape `OML/cmr/m/n' in size <10> not available
(Font)              Font shape `OML/cmm/m/it' tried instead on input line 86.


LaTeX Warning: Command \textless invalid in math mode on input line 86.


LaTeX Warning: Command \textless invalid in math mode on input line 86.


LaTeX Warning: Command \textless invalid in math mode on input line 86.


LaTeX Warning: Command \textless invalid in math mode on input line 86.


LaTeX Warning: Command \textless invalid in math mode on input line 86.


Overfull \hbox (15.0pt too wide) in paragraph at lines 95--95
[][]| $\OMS/cmsy/m/n/10 ^^Q$| [] 
 []


Overfull \hbox (15.0pt too wide) in paragraph at lines 97--97
[][]| $\OMS/cmsy/m/n/10 ^^Q$| [] 
 []


LaTeX Warning: Command \textless invalid in math mode on input line 99.


LaTeX Warning: Command \textless invalid in math mode on input line 99.


LaTeX Warning: Command \textless invalid in math mode on input line 99.


LaTeX Warning: Command \textless invalid in math mode on input line 99.


LaTeX Warning: Command \textless invalid in math mode on input line 99.


LaTeX Warning: Command \textless invalid in math mode on input line 99.


LaTeX Warning: Command \textless invalid in math mode on input line 99.


LaTeX Warning: Command \textless invalid in math mode on input line 99.


Overfull \hbox (15.0pt too wide) in paragraph at lines 99--99
[][]| $\OMS/cmsy/m/n/10 ^^Q$| [] 
 []


Overfull \hbox (15.0pt too wide) in paragraph at lines 101--101
[][]| $\OMS/cmsy/m/n/10 ^^Q$| [] 
 []

[3]
Underfull \hbox (badness 10000) in paragraph at lines 112--112
\OT1/cmr/m/n/10 [$(c $\OMS/cmsy/m/n/10 2$ \OT1/cmr/m/n/10 compus($\OML/cmm/m/it
/10 r[]$\OT1/cmr/m/n/10 ) $\OMS/cmsy/m/n/10 )[]$ \OT1/cmr/m/n/10 (interfacesDe(
$\OML/cmm/m/it/10 r[]$\OT1/cmr/m/n/10 , c) $=[]$
 []


Underfull \hbox (badness 10000) in paragraph at lines 112--112
\OT1/cmr/m/n/10 [$(c $\OMS/cmsy/m/n/10 2$ \OT1/cmr/m/n/10 compus($\OML/cmm/m/it
/10 r[]$\OT1/cmr/m/n/10 ) $\OMS/cmsy/m/n/10 )[]$ \OT1/cmr/m/n/10 (interfacesDe(
$\OML/cmm/m/it/10 r[]$\OT1/cmr/m/n/10 , c) $=[]$
 []


Overfull \hbox (4.97226pt too wide) in paragraph at lines 129--129
[]\OT1/cmr/m/n/10 agCompu 
 []


Overfull \hbox (84.58429pt too wide) in paragraph at lines 159--159
[]| [] 
 []

[4]
Underfull \hbox (badness 1924) in paragraph at lines 184--184
[]\OT1/cmr/m/n/10 conjHayConexion?(r, com-pus-Di-rec-tas(r, $\OML/cmm/m/it/10 c
[]$\OT1/cmr/m/n/10 ) - cc, $\OML/cmm/m/it/10 c[]$\OT1/cmr/m/n/10 ,
 []


LaTeX Warning: Command \textless invalid in math mode on input line 192.


LaTeX Warning: Command \textless invalid in math mode on input line 192.


LaTeX Warning: Command \textgreater invalid in math mode on input line 192.


LaTeX Warning: Command \textgreater invalid in math mode on input line 192.


LaTeX Warning: Command \textless invalid in math mode on input line 194.


LaTeX Warning: Command \textless invalid in math mode on input line 194.


LaTeX Warning: Command \textgreater invalid in math mode on input line 194.


LaTeX Warning: Command \textgreater invalid in math mode on input line 194.


LaTeX Warning: Command \textless invalid in math mode on input line 194.


LaTeX Warning: Command \textless invalid in math mode on input line 194.


LaTeX Warning: Command \textgreater invalid in math mode on input line 194.


LaTeX Warning: Command \textgreater invalid in math mode on input line 194.

[5]

LaTeX Warning: Command \textless invalid in math mode on input line 202.


LaTeX Warning: Command \textless invalid in math mode on input line 202.


LaTeX Warning: Command \textgreater invalid in math mode on input line 202.


LaTeX Warning: Command \textgreater invalid in math mode on input line 202.


LaTeX Warning: Command \textless invalid in math mode on input line 202.


LaTeX Warning: Command \textless invalid in math mode on input line 202.


LaTeX Warning: Command \textgreater invalid in math mode on input line 202.


LaTeX Warning: Command \textgreater invalid in math mode on input line 202.

[6]
Underfull \hbox (badness 10000) in paragraph at lines 214--214
\OT1/cmr/m/n/10 [$($\OMS/cmsy/m/n/10 8$\OT1/cmr/m/n/10 c: Com-pu) (c $\OMS/cmsy
/m/n/10 2$ \OT1/cmr/m/n/10 compus(laRed($\OML/cmm/m/it/10 d[]$\OT1/cmr/m/n/10 )
) $\OMS/cmsy/m/n/10 )[]$
 []


Underfull \hbox (badness 10000) in paragraph at lines 214--214
\OT1/cmr/m/n/10 (cantEnviados($\OML/cmm/m/it/10 d[]$\OT1/cmr/m/n/10 , c) $=[]$ 
cantEnviados($\OML/cmm/m/it/10 d[]$\OT1/cmr/m/n/10 , c)))
 []


Underfull \hbox (badness 4181) in paragraph at lines 214--214
\OT1/cmr/m/n/10 ($\OMS/cmsy/m/n/10 8$\OT1/cmr/m/n/10 p: Pa-que-te) (p $\OMS/cms
y/m/n/10 2$ \OT1/cmr/m/n/10 paquetes($\OML/cmm/m/it/10 d[]$\OT1/cmr/m/n/10 ) $\
OMS/cmsy/m/n/10 )[]$ \OT1/cmr/m/n/10 (infoP($\OML/cmm/m/it/10 d[]$\OT1/cmr/m/n/
10 ,
 []


Underfull \hbox (badness 1082) in paragraph at lines 214--214
\OT1/cmr/m/n/10 p) $=[]$ infoP($\OML/cmm/m/it/10 d[]$\OT1/cmr/m/n/10 , p) $\OMS
/cmsy/m/n/10 ^$ \OT1/cmr/m/n/10 caminoParcial($\OML/cmm/m/it/10 d[]$\OT1/cmr/m/
n/10 , p) $=[]$
 []


Underfull \hbox (badness 10000) in paragraph at lines 214--214
\OT1/cmr/m/n/10 [$($\OMS/cmsy/m/n/10 8$\OT1/cmr/m/n/10 c: Com-pu) (c $\OMS/cmsy
/m/n/10 2$ \OT1/cmr/m/n/10 compus(laRed($\OML/cmm/m/it/10 d[]$\OT1/cmr/m/n/10 )
) $\OMS/cmsy/m/n/10 )[]$
 []


Underfull \hbox (badness 10000) in paragraph at lines 214--214
\OT1/cmr/m/n/10 (cantEnviados($\OML/cmm/m/it/10 d[]$\OT1/cmr/m/n/10 , c) $=[]$ 
cantEnviados($\OML/cmm/m/it/10 d[]$\OT1/cmr/m/n/10 , c)))
 []


Underfull \hbox (badness 4181) in paragraph at lines 214--214
\OT1/cmr/m/n/10 ($\OMS/cmsy/m/n/10 8$\OT1/cmr/m/n/10 p: Pa-que-te) (p $\OMS/cms
y/m/n/10 2$ \OT1/cmr/m/n/10 paquetes($\OML/cmm/m/it/10 d[]$\OT1/cmr/m/n/10 ) $\
OMS/cmsy/m/n/10 )[]$ \OT1/cmr/m/n/10 (infoP($\OML/cmm/m/it/10 d[]$\OT1/cmr/m/n/
10 ,
 []


Underfull \hbox (badness 1082) in paragraph at lines 214--214
\OT1/cmr/m/n/10 p) $=[]$ infoP($\OML/cmm/m/it/10 d[]$\OT1/cmr/m/n/10 , p) $\OMS
/cmsy/m/n/10 ^$ \OT1/cmr/m/n/10 caminoParcial($\OML/cmm/m/it/10 d[]$\OT1/cmr/m/
n/10 , p) $=[]$
 []


Underfull \hbox (badness 4229) in paragraph at lines 214--214
\OT1/cmr/m/n/5 [$($\OMS/cmsy/m/n/5 8$\OT1/cmr/m/n/5 c: Com-pu) (c $\OMS/cmsy/m/
n/5 2$ \OT1/cmr/m/n/5 compus(laRed($\OML/cmm/m/it/5 d[]$\OT1/cmr/m/n/5 )) $\OMS
/cmsy/m/n/5 )[]$ \OT1/cmr/m/n/5 (cantEnviados($\OML/cmm/m/it/5 d[]$\OT1/cmr/m/n
/5 , c) $=[]$
 []


Overfull \hbox (3.30554pt too wide) in paragraph at lines 226--226
[]\OT1/cmr/m/n/10 caminoParcial 
 []


Overfull \hbox (30.43706pt too wide) in paragraph at lines 241--241
[]| [] 
 []

[7]

LaTeX Warning: Command \textless invalid in math mode on input line 265.


LaTeX Warning: Command \textless invalid in math mode on input line 265.


LaTeX Warning: Command \textgreater invalid in math mode on input line 265.


LaTeX Warning: Command \textgreater invalid in math mode on input line 265.


LaTeX Warning: Command \textless invalid in math mode on input line 265.


LaTeX Warning: Command \textless invalid in math mode on input line 265.


LaTeX Warning: Command \textgreater invalid in math mode on input line 265.


LaTeX Warning: Command \textgreater invalid in math mode on input line 265.


Underfull \hbox (badness 10000) in paragraph at lines 267--267
[]\OT1/cmr/bx/sc/10 if \OT1/cmr/m/n/10 mas-Prio-ri-ta-rio(paquetesDe(d, $\OML/c
mm/m/it/10 ^^Y$$[]$\OT1/cmr/m/n/10 (ult(caminoParcial(d,
 []


Underfull \hbox (badness 1668) in paragraph at lines 269--269
[]\OT1/cmr/m/n/10 dameUno(conjMasEnviante(d, com-pus(laRed(d)), ma-sEn-vian-
 []

[8]

LaTeX Warning: Command \textgreater invalid in math mode on input line 281.


LaTeX Warning: Command \textgreater invalid in math mode on input line 281.


LaTeX Warning: Command \textgreater invalid in math mode on input line 281.


LaTeX Warning: Command \textgreater invalid in math mode on input line 281.


LaTeX Warning: Command \textgreater invalid in math mode on input line 281.


LaTeX Warning: Command \textgreater invalid in math mode on input line 281.


LaTeX Warning: Command \textgreater invalid in math mode on input line 281.


LaTeX Warning: Command \textgreater invalid in math mode on input line 281.

[9] (./TP1-1c2015.aux
LaTeX Info: Redefining \. on input line 6.
LaTeX Info: Redefining \% on input line 6.
)

LaTeX Font Warning: Some font shapes were not available, defaults substituted.

 ) 
Here is how much of TeX's memory you used:
 3129 strings out of 493117
 40434 string characters out of 6135433
 129801 words of memory out of 5000000
 6552 multiletter control sequences out of 15000+600000
 7625 words of font info for 30 fonts, out of 8000000 for 9000
 1141 hyphenation exceptions out of 8191
 34i,20n,37p,882b,384s stack positions out of 5000i,500n,10000p,200000b,80000s
</usr/local/texlive/2014/texmf-dist/fonts/type1/public/amsfonts/cm/cmbx10.pfb
></usr/local/texlive/2014/texmf-dist/fonts/type1/public/amsfonts/cm/cmbx12.pfb>
</usr/local/texlive/2014/texmf-dist/fonts/type1/public/amsfonts/cm/cmcsc10.pfb>
</usr/local/texlive/2014/texmf-dist/fonts/type1/public/amsfonts/cm/cmex10.pfb><
/usr/local/texlive/2014/texmf-dist/fonts/type1/public/amsfonts/cm/cmmi10.pfb></
usr/local/texlive/2014/texmf-dist/fonts/type1/public/amsfonts/cm/cmmi7.pfb></us
r/local/texlive/2014/texmf-dist/fonts/type1/public/amsfonts/cm/cmr10.pfb></usr/
local/texlive/2014/texmf-dist/fonts/type1/public/amsfonts/cm/cmr12.pfb></usr/lo
cal/texlive/2014/texmf-dist/fonts/type1/public/amsfonts/cm/cmr5.pfb></usr/local
/texlive/2014/texmf-dist/fonts/type1/public/amsfonts/cm/cmr7.pfb></usr/local/te
xlive/2014/texmf-dist/fonts/type1/public/amsfonts/cm/cmsy10.pfb></usr/local/tex
live/2014/texmf-dist/fonts/type1/public/amsfonts/cm/cmtt10.pfb>
Output written on TP1-1c2015.pdf (9 pages, 157878 bytes).
PDF statistics:
 82 PDF objects out of 1000 (max. 8388607)
 58 compressed objects within 1 object stream
 0 named destinations out of 1000 (max. 500000)
 1 words of extra memory for PDF output out of 10000 (max. 10000000)

